生成启动时间为 2019/3/20 23:17:42。
     1>项目“C:\Users\青\Documents\GitHub\process_simulate\Process\Process.vcxproj”在节点 2 上(build 个目标)。
     1>InitializeBuildStatus:
         正在对“Debug\Process.unsuccessfulbuild”执行 Touch 任务。
       ClCompile:
         C:\Program Files (x86)\Microsoft Visual Studio 10.0\VC\bin\CL.exe /c /ZI /nologo /W3 /WX- /Od /Oy- /D _MBCS /Gm /EHsc /RTC1 /MDd /GS /fp:precise /Zc:wchar_t /Zc:forScope /Fo"Debug\\" /Fd"Debug\vc100.pdb" /Gd /TP /analyze- /errorReport:prompt process.cpp
         process.cpp
     1>c:\users\青\documents\github\process_simulate\process\process.cpp(28): warning C4996: 'scanf': This function or variable may be unsafe. Consider using scanf_s instead. To disable deprecation, use _CRT_SECURE_NO_WARNINGS. See online help for details.
                 c:\program files (x86)\microsoft visual studio 10.0\vc\include\stdio.h(304) : 参见“scanf”的声明
     1>c:\users\青\documents\github\process_simulate\process\process.cpp(41): warning C4996: 'strcpy': This function or variable may be unsafe. Consider using strcpy_s instead. To disable deprecation, use _CRT_SECURE_NO_WARNINGS. See online help for details.
                 c:\program files (x86)\microsoft visual studio 10.0\vc\include\string.h(105) : 参见“strcpy”的声明
     1>c:\users\青\documents\github\process_simulate\process\process.cpp(56): warning C4996: 'scanf': This function or variable may be unsafe. Consider using scanf_s instead. To disable deprecation, use _CRT_SECURE_NO_WARNINGS. See online help for details.
                 c:\program files (x86)\microsoft visual studio 10.0\vc\include\stdio.h(304) : 参见“scanf”的声明
     1>c:\users\青\documents\github\process_simulate\process\process.cpp(167): warning C4996: 'scanf': This function or variable may be unsafe. Consider using scanf_s instead. To disable deprecation, use _CRT_SECURE_NO_WARNINGS. See online help for details.
                 c:\program files (x86)\microsoft visual studio 10.0\vc\include\stdio.h(304) : 参见“scanf”的声明
     1>c:\users\青\documents\github\process_simulate\process\process.cpp(171): warning C4996: 'scanf': This function or variable may be unsafe. Consider using scanf_s instead. To disable deprecation, use _CRT_SECURE_NO_WARNINGS. See online help for details.
                 c:\program files (x86)\microsoft visual studio 10.0\vc\include\stdio.h(304) : 参见“scanf”的声明
       Link:
         C:\Program Files (x86)\Microsoft Visual Studio 10.0\VC\bin\link.exe /ERRORREPORT:PROMPT /OUT:"C:\Users\青\Documents\GitHub\process_simulate\Debug\Process.exe" /NOLOGO kernel32.lib user32.lib gdi32.lib winspool.lib comdlg32.lib advapi32.lib shell32.lib ole32.lib oleaut32.lib uuid.lib odbc32.lib odbccp32.lib /MANIFEST /ManifestFile:"Debug\Process.exe.intermediate.manifest" /MANIFESTUAC:"level='asInvoker' uiAccess='false'" /DEBUG /PDB:"C:\Users\青\Documents\GitHub\process_simulate\Debug\Process.pdb" /TLBID:1 /DYNAMICBASE /NXCOMPAT /IMPLIB:"C:\Users\青\Documents\GitHub\process_simulate\Debug\Process.lib" /MACHINE:X86 Debug\process.obj
         LINK : 没有找到 C:\Users\青\Documents\GitHub\process_simulate\Debug\Process.exe 或上一个增量链接没有生成它；正在执行完全链接
         Process.vcxproj -> C:\Users\青\Documents\GitHub\process_simulate\Debug\Process.exe
       Manifest:
         C:\Program Files (x86)\Microsoft SDKs\Windows\v7.0A\bin\mt.exe /nologo /verbose /outputresource:"C:\Users\青\Documents\GitHub\process_simulate\Debug\Process.exe;#1" /manifest Debug\Process.exe.intermediate.manifest
       FinalizeBuildStatus:
         正在删除文件“Debug\Process.unsuccessfulbuild”。
         正在对“Debug\Process.lastbuildstate”执行 Touch 任务。
     1>已完成生成项目“C:\Users\青\Documents\GitHub\process_simulate\Process\Process.vcxproj”(build 个目标)的操作。

生成成功。

已用时间 00:00:01.52
